{"/home/erik/Área de Trabalho/curso-api-rest/seubarriga/knexfile.js": {"path":"/home/erik/Área de Trabalho/curso-api-rest/seubarriga/knexfile.js","statementMap":{"0":{"start":{"line":1,"column":0},"end":{"line":25,"column":2}}},"fnMap":{},"branchMap":{},"s":{"0":1},"f":{},"b":{},"_coverageSchema":"332fd63041d2c1bcb487cc26dd0d5f7d97098a6c","hash":"bcc19a6eaf381c54d2b475f8c7b547896a73feb4"}
,"/home/erik/Área de Trabalho/curso-api-rest/seubarriga/src/app.js": {"path":"/home/erik/Área de Trabalho/curso-api-rest/seubarriga/src/app.js","statementMap":{"0":{"start":{"line":4,"column":12},"end":{"line":4,"column":34}},"1":{"start":{"line":5,"column":16},"end":{"line":5,"column":36}},"2":{"start":{"line":6,"column":13},"end":{"line":6,"column":30}},"3":{"start":{"line":7,"column":17},"end":{"line":7,"column":41}},"4":{"start":{"line":11,"column":0},"end":{"line":11,"column":51}},"5":{"start":{"line":21,"column":0},"end":{"line":28,"column":17}},"6":{"start":{"line":30,"column":0},"end":{"line":32,"column":3}},"7":{"start":{"line":31,"column":4},"end":{"line":31,"column":29}},"8":{"start":{"line":44,"column":0},"end":{"line":54,"column":3}},"9":{"start":{"line":45,"column":37},"end":{"line":45,"column":40}},"10":{"start":{"line":47,"column":4},"end":{"line":52,"column":5}},"11":{"start":{"line":47,"column":38},"end":{"line":47,"column":83}},"12":{"start":{"line":48,"column":9},"end":{"line":52,"column":5}},"13":{"start":{"line":48,"column":48},"end":{"line":48,"column":93}},"14":{"start":{"line":50,"column":8},"end":{"line":50,"column":31}},"15":{"start":{"line":51,"column":8},"end":{"line":51,"column":59}},"16":{"start":{"line":53,"column":4},"end":{"line":53,"column":16}},"17":{"start":{"line":56,"column":0},"end":{"line":56,"column":21}}},"fnMap":{"0":{"name":"(anonymous_0)","decl":{"start":{"line":30,"column":14},"end":{"line":30,"column":15}},"loc":{"start":{"line":30,"column":30},"end":{"line":32,"column":1}},"line":30},"1":{"name":"(anonymous_1)","decl":{"start":{"line":44,"column":9},"end":{"line":44,"column":10}},"loc":{"start":{"line":44,"column":36},"end":{"line":54,"column":1}},"line":44}},"branchMap":{"0":{"loc":{"start":{"line":47,"column":4},"end":{"line":52,"column":5}},"type":"if","locations":[{"start":{"line":47,"column":4},"end":{"line":52,"column":5}},{"start":{"line":47,"column":4},"end":{"line":52,"column":5}}],"line":47},"1":{"loc":{"start":{"line":48,"column":9},"end":{"line":52,"column":5}},"type":"if","locations":[{"start":{"line":48,"column":9},"end":{"line":52,"column":5}},{"start":{"line":48,"column":9},"end":{"line":52,"column":5}}],"line":48}},"s":{"0":1,"1":1,"2":1,"3":1,"4":1,"5":1,"6":1,"7":0,"8":1,"9":4,"10":4,"11":4,"12":0,"13":0,"14":0,"15":0,"16":4,"17":1},"f":{"0":0,"1":4},"b":{"0":[4,0],"1":[0,0]},"_coverageSchema":"332fd63041d2c1bcb487cc26dd0d5f7d97098a6c","hash":"1f8b6c22ad8d251415aeda93a799f472130ed54c"}
,"/home/erik/Área de Trabalho/curso-api-rest/seubarriga/src/config/middlewares.js": {"path":"/home/erik/Área de Trabalho/curso-api-rest/seubarriga/src/config/middlewares.js","statementMap":{"0":{"start":{"line":1,"column":19},"end":{"line":1,"column":43}},"1":{"start":{"line":2,"column":19},"end":{"line":2,"column":43}},"2":{"start":{"line":5,"column":0},"end":{"line":8,"column":2}},"3":{"start":{"line":6,"column":4},"end":{"line":6,"column":33}},"4":{"start":{"line":7,"column":4},"end":{"line":7,"column":36}}},"fnMap":{"0":{"name":"(anonymous_0)","decl":{"start":{"line":5,"column":17},"end":{"line":5,"column":18}},"loc":{"start":{"line":5,"column":28},"end":{"line":8,"column":1}},"line":5}},"branchMap":{},"s":{"0":1,"1":1,"2":1,"3":1,"4":1},"f":{"0":1},"b":{},"_coverageSchema":"332fd63041d2c1bcb487cc26dd0d5f7d97098a6c","hash":"cebaf8aa411a48895b2cc56d79a62d3603750ace"}
,"/home/erik/Área de Trabalho/curso-api-rest/seubarriga/src/config/passport.js": {"path":"/home/erik/Área de Trabalho/curso-api-rest/seubarriga/src/config/passport.js","statementMap":{"0":{"start":{"line":1,"column":17},"end":{"line":1,"column":38}},"1":{"start":{"line":2,"column":20},"end":{"line":2,"column":45}},"2":{"start":{"line":3,"column":21},"end":{"line":3,"column":44}},"3":{"start":{"line":5,"column":15},"end":{"line":5,"column":25}},"4":{"start":{"line":7,"column":33},"end":{"line":7,"column":44}},"5":{"start":{"line":9,"column":0},"end":{"line":26,"column":2}},"6":{"start":{"line":10,"column":19},"end":{"line":13,"column":5}},"7":{"start":{"line":15,"column":21},"end":{"line":21,"column":6}},"8":{"start":{"line":16,"column":8},"end":{"line":20,"column":46}},"9":{"start":{"line":18,"column":12},"end":{"line":19,"column":37}},"10":{"start":{"line":18,"column":24},"end":{"line":18,"column":53}},"11":{"start":{"line":19,"column":17},"end":{"line":19,"column":37}},"12":{"start":{"line":20,"column":25},"end":{"line":20,"column":43}},"13":{"start":{"line":23,"column":4},"end":{"line":23,"column":29}},"14":{"start":{"line":25,"column":4},"end":{"line":25,"column":85}},"15":{"start":{"line":25,"column":32},"end":{"line":25,"column":82}}},"fnMap":{"0":{"name":"(anonymous_0)","decl":{"start":{"line":9,"column":17},"end":{"line":9,"column":18}},"loc":{"start":{"line":9,"column":28},"end":{"line":26,"column":1}},"line":9},"1":{"name":"(anonymous_1)","decl":{"start":{"line":15,"column":43},"end":{"line":15,"column":44}},"loc":{"start":{"line":15,"column":64},"end":{"line":21,"column":5}},"line":15},"2":{"name":"(anonymous_2)","decl":{"start":{"line":17,"column":15},"end":{"line":17,"column":16}},"loc":{"start":{"line":17,"column":27},"end":{"line":20,"column":9}},"line":17},"3":{"name":"(anonymous_3)","decl":{"start":{"line":20,"column":18},"end":{"line":20,"column":19}},"loc":{"start":{"line":20,"column":25},"end":{"line":20,"column":43}},"line":20},"4":{"name":"(anonymous_4)","decl":{"start":{"line":25,"column":26},"end":{"line":25,"column":27}},"loc":{"start":{"line":25,"column":32},"end":{"line":25,"column":82}},"line":25}},"branchMap":{"0":{"loc":{"start":{"line":18,"column":12},"end":{"line":19,"column":37}},"type":"if","locations":[{"start":{"line":18,"column":12},"end":{"line":19,"column":37}},{"start":{"line":18,"column":12},"end":{"line":19,"column":37}}],"line":18}},"s":{"0":1,"1":1,"2":1,"3":1,"4":1,"5":1,"6":1,"7":1,"8":7,"9":7,"10":7,"11":0,"12":0,"13":1,"14":1,"15":1},"f":{"0":1,"1":7,"2":7,"3":0,"4":1},"b":{"0":[7,0]},"_coverageSchema":"332fd63041d2c1bcb487cc26dd0d5f7d97098a6c","hash":"c521ffedfbfe437acb02d8e587793100621c21fb"}
,"/home/erik/Área de Trabalho/curso-api-rest/seubarriga/src/config/router.js": {"path":"/home/erik/Área de Trabalho/curso-api-rest/seubarriga/src/config/router.js","statementMap":{"0":{"start":{"line":1,"column":16},"end":{"line":1,"column":36}},"1":{"start":{"line":3,"column":0},"end":{"line":21,"column":2}},"2":{"start":{"line":4,"column":4},"end":{"line":4,"column":41}},"3":{"start":{"line":5,"column":28},"end":{"line":5,"column":44}},"4":{"start":{"line":9,"column":4},"end":{"line":9,"column":54}},"5":{"start":{"line":12,"column":4},"end":{"line":12,"column":60}},"6":{"start":{"line":13,"column":4},"end":{"line":13,"column":68}},"7":{"start":{"line":14,"column":4},"end":{"line":14,"column":62}},"8":{"start":{"line":15,"column":4},"end":{"line":15,"column":58}},"9":{"start":{"line":17,"column":4},"end":{"line":17,"column":74}},"10":{"start":{"line":19,"column":4},"end":{"line":19,"column":82}},"11":{"start":{"line":19,"column":42},"end":{"line":19,"column":79}},"12":{"start":{"line":20,"column":4},"end":{"line":20,"column":38}}},"fnMap":{"0":{"name":"(anonymous_0)","decl":{"start":{"line":3,"column":17},"end":{"line":3,"column":18}},"loc":{"start":{"line":3,"column":28},"end":{"line":21,"column":1}},"line":3},"1":{"name":"(anonymous_1)","decl":{"start":{"line":19,"column":26},"end":{"line":19,"column":27}},"loc":{"start":{"line":19,"column":42},"end":{"line":19,"column":79}},"line":19}},"branchMap":{},"s":{"0":1,"1":1,"2":1,"3":1,"4":1,"5":1,"6":1,"7":1,"8":1,"9":1,"10":1,"11":0,"12":1},"f":{"0":1,"1":0},"b":{},"_coverageSchema":"332fd63041d2c1bcb487cc26dd0d5f7d97098a6c","hash":"090f64ec61168b6ee5303c60f4aca0535b6f5e51"}
,"/home/erik/Área de Trabalho/curso-api-rest/seubarriga/src/errors/RecursoIndevidoError.js": {"path":"/home/erik/Área de Trabalho/curso-api-rest/seubarriga/src/errors/RecursoIndevidoError.js","statementMap":{"0":{"start":{"line":1,"column":0},"end":{"line":4,"column":2}},"1":{"start":{"line":2,"column":4},"end":{"line":2,"column":34}},"2":{"start":{"line":3,"column":4},"end":{"line":3,"column":27}}},"fnMap":{"0":{"name":"RecursoIndevidoError","decl":{"start":{"line":1,"column":26},"end":{"line":1,"column":46}},"loc":{"start":{"line":1,"column":99},"end":{"line":4,"column":1}},"line":1}},"branchMap":{"0":{"loc":{"start":{"line":1,"column":48},"end":{"line":1,"column":96}},"type":"default-arg","locations":[{"start":{"line":1,"column":58},"end":{"line":1,"column":96}}],"line":1}},"s":{"0":1,"1":0,"2":0},"f":{"0":0},"b":{"0":[0]},"_coverageSchema":"332fd63041d2c1bcb487cc26dd0d5f7d97098a6c","hash":"39b105dfa689da0020cd9058493ee2210cf25eea"}
,"/home/erik/Área de Trabalho/curso-api-rest/seubarriga/src/errors/ValidationError.js": {"path":"/home/erik/Área de Trabalho/curso-api-rest/seubarriga/src/errors/ValidationError.js","statementMap":{"0":{"start":{"line":1,"column":0},"end":{"line":4,"column":2}},"1":{"start":{"line":2,"column":4},"end":{"line":2,"column":34}},"2":{"start":{"line":3,"column":4},"end":{"line":3,"column":27}}},"fnMap":{"0":{"name":"ValidationError","decl":{"start":{"line":1,"column":26},"end":{"line":1,"column":41}},"loc":{"start":{"line":1,"column":53},"end":{"line":4,"column":1}},"line":1}},"branchMap":{},"s":{"0":1,"1":4,"2":4},"f":{"0":4},"b":{},"_coverageSchema":"332fd63041d2c1bcb487cc26dd0d5f7d97098a6c","hash":"624cd2d07f2a35c22aed5f48e16d7ac0999b5df7"}
,"/home/erik/Área de Trabalho/curso-api-rest/seubarriga/src/routes/accounts.js": {"path":"/home/erik/Área de Trabalho/curso-api-rest/seubarriga/src/routes/accounts.js","statementMap":{"0":{"start":{"line":1,"column":12},"end":{"line":1,"column":43}},"1":{"start":{"line":2,"column":16},"end":{"line":2,"column":36}},"2":{"start":{"line":4,"column":29},"end":{"line":4,"column":72}},"3":{"start":{"line":6,"column":0},"end":{"line":106,"column":2}},"4":{"start":{"line":7,"column":19},"end":{"line":7,"column":35}},"5":{"start":{"line":9,"column":4},"end":{"line":15,"column":7}},"6":{"start":{"line":10,"column":8},"end":{"line":14,"column":43}},"7":{"start":{"line":12,"column":16},"end":{"line":13,"column":28}},"8":{"start":{"line":12,"column":49},"end":{"line":12,"column":82}},"9":{"start":{"line":13,"column":21},"end":{"line":13,"column":28}},"10":{"start":{"line":14,"column":29},"end":{"line":14,"column":40}},"11":{"start":{"line":25,"column":4},"end":{"line":31,"column":7}},"12":{"start":{"line":26,"column":8},"end":{"line":30,"column":39}},"13":{"start":{"line":29,"column":16},"end":{"line":29,"column":61}},"14":{"start":{"line":30,"column":25},"end":{"line":30,"column":36}},"15":{"start":{"line":40,"column":4},"end":{"line":46,"column":7}},"16":{"start":{"line":42,"column":8},"end":{"line":44,"column":41}},"17":{"start":{"line":43,"column":29},"end":{"line":43,"column":61}},"18":{"start":{"line":44,"column":27},"end":{"line":44,"column":38}},"19":{"start":{"line":71,"column":4},"end":{"line":75,"column":7}},"20":{"start":{"line":72,"column":8},"end":{"line":74,"column":41}},"21":{"start":{"line":73,"column":29},"end":{"line":73,"column":61}},"22":{"start":{"line":74,"column":27},"end":{"line":74,"column":38}},"23":{"start":{"line":83,"column":4},"end":{"line":87,"column":7}},"24":{"start":{"line":84,"column":8},"end":{"line":86,"column":41}},"25":{"start":{"line":85,"column":29},"end":{"line":85,"column":66}},"26":{"start":{"line":86,"column":27},"end":{"line":86,"column":38}},"27":{"start":{"line":95,"column":4},"end":{"line":99,"column":7}},"28":{"start":{"line":96,"column":8},"end":{"line":98,"column":41}},"29":{"start":{"line":97,"column":25},"end":{"line":97,"column":49}},"30":{"start":{"line":98,"column":27},"end":{"line":98,"column":38}},"31":{"start":{"line":105,"column":4},"end":{"line":105,"column":18}}},"fnMap":{"0":{"name":"(anonymous_0)","decl":{"start":{"line":6,"column":17},"end":{"line":6,"column":18}},"loc":{"start":{"line":6,"column":28},"end":{"line":106,"column":1}},"line":6},"1":{"name":"(anonymous_1)","decl":{"start":{"line":9,"column":24},"end":{"line":9,"column":25}},"loc":{"start":{"line":9,"column":46},"end":{"line":15,"column":5}},"line":9},"2":{"name":"(anonymous_2)","decl":{"start":{"line":11,"column":19},"end":{"line":11,"column":20}},"loc":{"start":{"line":11,"column":30},"end":{"line":14,"column":13}},"line":11},"3":{"name":"(anonymous_3)","decl":{"start":{"line":14,"column":22},"end":{"line":14,"column":23}},"loc":{"start":{"line":14,"column":29},"end":{"line":14,"column":40}},"line":14},"4":{"name":"(anonymous_4)","decl":{"start":{"line":25,"column":23},"end":{"line":25,"column":24}},"loc":{"start":{"line":25,"column":45},"end":{"line":31,"column":5}},"line":25},"5":{"name":"(anonymous_5)","decl":{"start":{"line":27,"column":19},"end":{"line":27,"column":20}},"loc":{"start":{"line":27,"column":33},"end":{"line":30,"column":9}},"line":27},"6":{"name":"(anonymous_6)","decl":{"start":{"line":30,"column":18},"end":{"line":30,"column":19}},"loc":{"start":{"line":30,"column":25},"end":{"line":30,"column":36}},"line":30},"7":{"name":"(anonymous_7)","decl":{"start":{"line":40,"column":21},"end":{"line":40,"column":22}},"loc":{"start":{"line":40,"column":43},"end":{"line":46,"column":5}},"line":40},"8":{"name":"(anonymous_8)","decl":{"start":{"line":43,"column":19},"end":{"line":43,"column":20}},"loc":{"start":{"line":43,"column":29},"end":{"line":43,"column":61}},"line":43},"9":{"name":"(anonymous_9)","decl":{"start":{"line":44,"column":20},"end":{"line":44,"column":21}},"loc":{"start":{"line":44,"column":27},"end":{"line":44,"column":38}},"line":44},"10":{"name":"(anonymous_10)","decl":{"start":{"line":71,"column":25},"end":{"line":71,"column":26}},"loc":{"start":{"line":71,"column":47},"end":{"line":75,"column":5}},"line":71},"11":{"name":"(anonymous_11)","decl":{"start":{"line":73,"column":19},"end":{"line":73,"column":20}},"loc":{"start":{"line":73,"column":29},"end":{"line":73,"column":61}},"line":73},"12":{"name":"(anonymous_12)","decl":{"start":{"line":74,"column":20},"end":{"line":74,"column":21}},"loc":{"start":{"line":74,"column":27},"end":{"line":74,"column":38}},"line":74},"13":{"name":"(anonymous_13)","decl":{"start":{"line":83,"column":25},"end":{"line":83,"column":26}},"loc":{"start":{"line":83,"column":47},"end":{"line":87,"column":5}},"line":83},"14":{"name":"(anonymous_14)","decl":{"start":{"line":85,"column":19},"end":{"line":85,"column":20}},"loc":{"start":{"line":85,"column":29},"end":{"line":85,"column":66}},"line":85},"15":{"name":"(anonymous_15)","decl":{"start":{"line":86,"column":20},"end":{"line":86,"column":21}},"loc":{"start":{"line":86,"column":27},"end":{"line":86,"column":38}},"line":86},"16":{"name":"(anonymous_16)","decl":{"start":{"line":95,"column":27},"end":{"line":95,"column":28}},"loc":{"start":{"line":95,"column":49},"end":{"line":99,"column":5}},"line":95},"17":{"name":"(anonymous_17)","decl":{"start":{"line":97,"column":19},"end":{"line":97,"column":20}},"loc":{"start":{"line":97,"column":25},"end":{"line":97,"column":49}},"line":97},"18":{"name":"(anonymous_18)","decl":{"start":{"line":98,"column":20},"end":{"line":98,"column":21}},"loc":{"start":{"line":98,"column":27},"end":{"line":98,"column":38}},"line":98}},"branchMap":{"0":{"loc":{"start":{"line":12,"column":16},"end":{"line":13,"column":28}},"type":"if","locations":[{"start":{"line":12,"column":16},"end":{"line":13,"column":28}},{"start":{"line":12,"column":16},"end":{"line":13,"column":28}}],"line":12}},"s":{"0":1,"1":1,"2":1,"3":1,"4":1,"5":1,"6":0,"7":0,"8":0,"9":0,"10":0,"11":1,"12":0,"13":0,"14":0,"15":1,"16":0,"17":0,"18":0,"19":1,"20":0,"21":0,"22":0,"23":1,"24":0,"25":0,"26":0,"27":1,"28":0,"29":0,"30":0,"31":1},"f":{"0":1,"1":0,"2":0,"3":0,"4":0,"5":0,"6":0,"7":0,"8":0,"9":0,"10":0,"11":0,"12":0,"13":0,"14":0,"15":0,"16":0,"17":0,"18":0},"b":{"0":[0,0]},"_coverageSchema":"332fd63041d2c1bcb487cc26dd0d5f7d97098a6c","hash":"fc66cebeca9a7de58aa13e4e539f8a988ade73e3"}
,"/home/erik/Área de Trabalho/curso-api-rest/seubarriga/src/routes/auth.js": {"path":"/home/erik/Área de Trabalho/curso-api-rest/seubarriga/src/routes/auth.js","statementMap":{"0":{"start":{"line":1,"column":16},"end":{"line":1,"column":36}},"1":{"start":{"line":2,"column":12},"end":{"line":2,"column":35}},"2":{"start":{"line":3,"column":15},"end":{"line":3,"column":41}},"3":{"start":{"line":4,"column":24},"end":{"line":4,"column":62}},"4":{"start":{"line":6,"column":15},"end":{"line":6,"column":25}},"5":{"start":{"line":8,"column":0},"end":{"line":41,"column":2}},"6":{"start":{"line":9,"column":19},"end":{"line":9,"column":35}},"7":{"start":{"line":11,"column":4},"end":{"line":25,"column":7}},"8":{"start":{"line":12,"column":8},"end":{"line":24,"column":39}},"9":{"start":{"line":14,"column":16},"end":{"line":14,"column":86}},"10":{"start":{"line":14,"column":28},"end":{"line":14,"column":86}},"11":{"start":{"line":15,"column":16},"end":{"line":23,"column":81}},"12":{"start":{"line":16,"column":36},"end":{"line":20,"column":21}},"13":{"start":{"line":21,"column":34},"end":{"line":21,"column":63}},"14":{"start":{"line":22,"column":20},"end":{"line":22,"column":56}},"15":{"start":{"line":23,"column":23},"end":{"line":23,"column":81}},"16":{"start":{"line":24,"column":25},"end":{"line":24,"column":36}},"17":{"start":{"line":27,"column":4},"end":{"line":37,"column":7}},"18":{"start":{"line":28,"column":8},"end":{"line":35,"column":9}},"19":{"start":{"line":29,"column":27},"end":{"line":29,"column":67}},"20":{"start":{"line":30,"column":12},"end":{"line":30,"column":57}},"21":{"start":{"line":33,"column":12},"end":{"line":33,"column":31}},"22":{"start":{"line":40,"column":4},"end":{"line":40,"column":18}}},"fnMap":{"0":{"name":"(anonymous_0)","decl":{"start":{"line":8,"column":17},"end":{"line":8,"column":18}},"loc":{"start":{"line":8,"column":28},"end":{"line":41,"column":1}},"line":8},"1":{"name":"(anonymous_1)","decl":{"start":{"line":11,"column":28},"end":{"line":11,"column":29}},"loc":{"start":{"line":11,"column":50},"end":{"line":25,"column":5}},"line":11},"2":{"name":"(anonymous_2)","decl":{"start":{"line":13,"column":19},"end":{"line":13,"column":20}},"loc":{"start":{"line":13,"column":31},"end":{"line":24,"column":9}},"line":13},"3":{"name":"(anonymous_3)","decl":{"start":{"line":24,"column":18},"end":{"line":24,"column":19}},"loc":{"start":{"line":24,"column":25},"end":{"line":24,"column":36}},"line":24},"4":{"name":"(anonymous_4)","decl":{"start":{"line":27,"column":28},"end":{"line":27,"column":29}},"loc":{"start":{"line":27,"column":56},"end":{"line":37,"column":5}},"line":27}},"branchMap":{"0":{"loc":{"start":{"line":14,"column":16},"end":{"line":14,"column":86}},"type":"if","locations":[{"start":{"line":14,"column":16},"end":{"line":14,"column":86}},{"start":{"line":14,"column":16},"end":{"line":14,"column":86}}],"line":14},"1":{"loc":{"start":{"line":15,"column":16},"end":{"line":23,"column":81}},"type":"if","locations":[{"start":{"line":15,"column":16},"end":{"line":23,"column":81}},{"start":{"line":15,"column":16},"end":{"line":23,"column":81}}],"line":15}},"s":{"0":1,"1":1,"2":1,"3":1,"4":1,"5":1,"6":1,"7":1,"8":0,"9":0,"10":0,"11":0,"12":0,"13":0,"14":0,"15":0,"16":0,"17":1,"18":0,"19":0,"20":0,"21":0,"22":1},"f":{"0":1,"1":0,"2":0,"3":0,"4":0},"b":{"0":[0,0],"1":[0,0]},"_coverageSchema":"332fd63041d2c1bcb487cc26dd0d5f7d97098a6c","hash":"3bbe796abf82ed3d3eebca6722c6e279623da39d"}
,"/home/erik/Área de Trabalho/curso-api-rest/seubarriga/src/routes/balance.js": {"path":"/home/erik/Área de Trabalho/curso-api-rest/seubarriga/src/routes/balance.js","statementMap":{"0":{"start":{"line":1,"column":16},"end":{"line":1,"column":36}},"1":{"start":{"line":3,"column":0},"end":{"line":13,"column":2}},"2":{"start":{"line":4,"column":19},"end":{"line":4,"column":35}},"3":{"start":{"line":6,"column":4},"end":{"line":10,"column":7}},"4":{"start":{"line":7,"column":8},"end":{"line":9,"column":41}},"5":{"start":{"line":8,"column":29},"end":{"line":8,"column":61}},"6":{"start":{"line":9,"column":27},"end":{"line":9,"column":38}},"7":{"start":{"line":12,"column":4},"end":{"line":12,"column":18}}},"fnMap":{"0":{"name":"(anonymous_0)","decl":{"start":{"line":3,"column":17},"end":{"line":3,"column":18}},"loc":{"start":{"line":3,"column":28},"end":{"line":13,"column":1}},"line":3},"1":{"name":"(anonymous_1)","decl":{"start":{"line":6,"column":21},"end":{"line":6,"column":22}},"loc":{"start":{"line":6,"column":43},"end":{"line":10,"column":5}},"line":6},"2":{"name":"(anonymous_2)","decl":{"start":{"line":8,"column":19},"end":{"line":8,"column":20}},"loc":{"start":{"line":8,"column":29},"end":{"line":8,"column":61}},"line":8},"3":{"name":"(anonymous_3)","decl":{"start":{"line":9,"column":20},"end":{"line":9,"column":21}},"loc":{"start":{"line":9,"column":27},"end":{"line":9,"column":38}},"line":9}},"branchMap":{},"s":{"0":1,"1":1,"2":1,"3":1,"4":0,"5":0,"6":0,"7":1},"f":{"0":1,"1":0,"2":0,"3":0},"b":{},"_coverageSchema":"332fd63041d2c1bcb487cc26dd0d5f7d97098a6c","hash":"c7e6f4d23ecb41e4bfd7e18a75a2ca273de98e9f"}
,"/home/erik/Área de Trabalho/curso-api-rest/seubarriga/src/routes/transactions.js": {"path":"/home/erik/Área de Trabalho/curso-api-rest/seubarriga/src/routes/transactions.js","statementMap":{"0":{"start":{"line":1,"column":16},"end":{"line":1,"column":36}},"1":{"start":{"line":2,"column":29},"end":{"line":2,"column":72}},"2":{"start":{"line":4,"column":0},"end":{"line":47,"column":2}},"3":{"start":{"line":5,"column":19},"end":{"line":5,"column":35}},"4":{"start":{"line":7,"column":4},"end":{"line":13,"column":7}},"5":{"start":{"line":8,"column":8},"end":{"line":12,"column":43}},"6":{"start":{"line":10,"column":16},"end":{"line":11,"column":54}},"7":{"start":{"line":10,"column":41},"end":{"line":10,"column":48}},"8":{"start":{"line":11,"column":21},"end":{"line":11,"column":54}},"9":{"start":{"line":12,"column":29},"end":{"line":12,"column":40}},"10":{"start":{"line":15,"column":4},"end":{"line":19,"column":7}},"11":{"start":{"line":16,"column":8},"end":{"line":18,"column":41}},"12":{"start":{"line":17,"column":29},"end":{"line":17,"column":61}},"13":{"start":{"line":18,"column":27},"end":{"line":18,"column":38}},"14":{"start":{"line":21,"column":4},"end":{"line":25,"column":7}},"15":{"start":{"line":22,"column":8},"end":{"line":24,"column":41}},"16":{"start":{"line":23,"column":29},"end":{"line":23,"column":66}},"17":{"start":{"line":24,"column":27},"end":{"line":24,"column":38}},"18":{"start":{"line":27,"column":4},"end":{"line":31,"column":7}},"19":{"start":{"line":28,"column":8},"end":{"line":30,"column":42}},"20":{"start":{"line":29,"column":29},"end":{"line":29,"column":61}},"21":{"start":{"line":30,"column":28},"end":{"line":30,"column":39}},"22":{"start":{"line":33,"column":4},"end":{"line":37,"column":7}},"23":{"start":{"line":34,"column":8},"end":{"line":36,"column":41}},"24":{"start":{"line":35,"column":29},"end":{"line":35,"column":66}},"25":{"start":{"line":36,"column":27},"end":{"line":36,"column":38}},"26":{"start":{"line":39,"column":4},"end":{"line":43,"column":7}},"27":{"start":{"line":40,"column":8},"end":{"line":42,"column":41}},"28":{"start":{"line":41,"column":25},"end":{"line":41,"column":49}},"29":{"start":{"line":42,"column":27},"end":{"line":42,"column":38}},"30":{"start":{"line":45,"column":4},"end":{"line":45,"column":18}}},"fnMap":{"0":{"name":"(anonymous_0)","decl":{"start":{"line":4,"column":17},"end":{"line":4,"column":18}},"loc":{"start":{"line":4,"column":28},"end":{"line":47,"column":1}},"line":4},"1":{"name":"(anonymous_1)","decl":{"start":{"line":7,"column":24},"end":{"line":7,"column":25}},"loc":{"start":{"line":7,"column":46},"end":{"line":13,"column":5}},"line":7},"2":{"name":"(anonymous_2)","decl":{"start":{"line":9,"column":19},"end":{"line":9,"column":20}},"loc":{"start":{"line":9,"column":33},"end":{"line":12,"column":13}},"line":9},"3":{"name":"(anonymous_3)","decl":{"start":{"line":12,"column":22},"end":{"line":12,"column":23}},"loc":{"start":{"line":12,"column":29},"end":{"line":12,"column":40}},"line":12},"4":{"name":"(anonymous_4)","decl":{"start":{"line":15,"column":21},"end":{"line":15,"column":22}},"loc":{"start":{"line":15,"column":43},"end":{"line":19,"column":5}},"line":15},"5":{"name":"(anonymous_5)","decl":{"start":{"line":17,"column":19},"end":{"line":17,"column":20}},"loc":{"start":{"line":17,"column":29},"end":{"line":17,"column":61}},"line":17},"6":{"name":"(anonymous_6)","decl":{"start":{"line":18,"column":20},"end":{"line":18,"column":21}},"loc":{"start":{"line":18,"column":27},"end":{"line":18,"column":38}},"line":18},"7":{"name":"(anonymous_7)","decl":{"start":{"line":21,"column":22},"end":{"line":21,"column":23}},"loc":{"start":{"line":21,"column":44},"end":{"line":25,"column":5}},"line":21},"8":{"name":"(anonymous_8)","decl":{"start":{"line":23,"column":19},"end":{"line":23,"column":20}},"loc":{"start":{"line":23,"column":29},"end":{"line":23,"column":66}},"line":23},"9":{"name":"(anonymous_9)","decl":{"start":{"line":24,"column":20},"end":{"line":24,"column":21}},"loc":{"start":{"line":24,"column":27},"end":{"line":24,"column":38}},"line":24},"10":{"name":"(anonymous_10)","decl":{"start":{"line":27,"column":24},"end":{"line":27,"column":25}},"loc":{"start":{"line":27,"column":46},"end":{"line":31,"column":5}},"line":27},"11":{"name":"(anonymous_11)","decl":{"start":{"line":29,"column":19},"end":{"line":29,"column":20}},"loc":{"start":{"line":29,"column":29},"end":{"line":29,"column":61}},"line":29},"12":{"name":"(anonymous_12)","decl":{"start":{"line":30,"column":21},"end":{"line":30,"column":22}},"loc":{"start":{"line":30,"column":28},"end":{"line":30,"column":39}},"line":30},"13":{"name":"(anonymous_13)","decl":{"start":{"line":33,"column":24},"end":{"line":33,"column":25}},"loc":{"start":{"line":33,"column":46},"end":{"line":37,"column":5}},"line":33},"14":{"name":"(anonymous_14)","decl":{"start":{"line":35,"column":19},"end":{"line":35,"column":20}},"loc":{"start":{"line":35,"column":29},"end":{"line":35,"column":66}},"line":35},"15":{"name":"(anonymous_15)","decl":{"start":{"line":36,"column":20},"end":{"line":36,"column":21}},"loc":{"start":{"line":36,"column":27},"end":{"line":36,"column":38}},"line":36},"16":{"name":"(anonymous_16)","decl":{"start":{"line":39,"column":24},"end":{"line":39,"column":25}},"loc":{"start":{"line":39,"column":46},"end":{"line":43,"column":5}},"line":39},"17":{"name":"(anonymous_17)","decl":{"start":{"line":41,"column":19},"end":{"line":41,"column":20}},"loc":{"start":{"line":41,"column":25},"end":{"line":41,"column":49}},"line":41},"18":{"name":"(anonymous_18)","decl":{"start":{"line":42,"column":20},"end":{"line":42,"column":21}},"loc":{"start":{"line":42,"column":27},"end":{"line":42,"column":38}},"line":42}},"branchMap":{"0":{"loc":{"start":{"line":10,"column":16},"end":{"line":11,"column":54}},"type":"if","locations":[{"start":{"line":10,"column":16},"end":{"line":11,"column":54}},{"start":{"line":10,"column":16},"end":{"line":11,"column":54}}],"line":10}},"s":{"0":1,"1":1,"2":1,"3":1,"4":1,"5":0,"6":0,"7":0,"8":0,"9":0,"10":1,"11":0,"12":0,"13":0,"14":1,"15":0,"16":0,"17":0,"18":1,"19":0,"20":0,"21":0,"22":1,"23":0,"24":0,"25":0,"26":1,"27":0,"28":0,"29":0,"30":1},"f":{"0":1,"1":0,"2":0,"3":0,"4":0,"5":0,"6":0,"7":0,"8":0,"9":0,"10":0,"11":0,"12":0,"13":0,"14":0,"15":0,"16":0,"17":0,"18":0},"b":{"0":[0,0]},"_coverageSchema":"332fd63041d2c1bcb487cc26dd0d5f7d97098a6c","hash":"4c468d2d853f6b7cb8c59fb40f362efdf5d831db"}
,"/home/erik/Área de Trabalho/curso-api-rest/seubarriga/src/routes/transfers.js": {"path":"/home/erik/Área de Trabalho/curso-api-rest/seubarriga/src/routes/transfers.js","statementMap":{"0":{"start":{"line":1,"column":16},"end":{"line":1,"column":36}},"1":{"start":{"line":2,"column":29},"end":{"line":2,"column":71}},"2":{"start":{"line":4,"column":0},"end":{"line":53,"column":2}},"3":{"start":{"line":5,"column":19},"end":{"line":5,"column":35}},"4":{"start":{"line":7,"column":4},"end":{"line":13,"column":7}},"5":{"start":{"line":8,"column":8},"end":{"line":12,"column":43}},"6":{"start":{"line":10,"column":16},"end":{"line":10,"column":87}},"7":{"start":{"line":10,"column":53},"end":{"line":10,"column":87}},"8":{"start":{"line":11,"column":16},"end":{"line":11,"column":23}},"9":{"start":{"line":12,"column":29},"end":{"line":12,"column":40}},"10":{"start":{"line":15,"column":21},"end":{"line":19,"column":5}},"11":{"start":{"line":16,"column":8},"end":{"line":18,"column":41}},"12":{"start":{"line":17,"column":25},"end":{"line":17,"column":31}},"13":{"start":{"line":18,"column":27},"end":{"line":18,"column":38}},"14":{"start":{"line":21,"column":4},"end":{"line":25,"column":7}},"15":{"start":{"line":22,"column":8},"end":{"line":24,"column":41}},"16":{"start":{"line":23,"column":29},"end":{"line":23,"column":61}},"17":{"start":{"line":24,"column":27},"end":{"line":24,"column":38}},"18":{"start":{"line":27,"column":4},"end":{"line":32,"column":7}},"19":{"start":{"line":28,"column":25},"end":{"line":28,"column":62}},"20":{"start":{"line":29,"column":8},"end":{"line":31,"column":42}},"21":{"start":{"line":30,"column":29},"end":{"line":30,"column":66}},"22":{"start":{"line":31,"column":28},"end":{"line":31,"column":39}},"23":{"start":{"line":34,"column":4},"end":{"line":38,"column":7}},"24":{"start":{"line":35,"column":8},"end":{"line":37,"column":42}},"25":{"start":{"line":36,"column":30},"end":{"line":36,"column":62}},"26":{"start":{"line":37,"column":27},"end":{"line":37,"column":39}},"27":{"start":{"line":40,"column":4},"end":{"line":44,"column":7}},"28":{"start":{"line":41,"column":8},"end":{"line":43,"column":41}},"29":{"start":{"line":42,"column":29},"end":{"line":42,"column":66}},"30":{"start":{"line":43,"column":27},"end":{"line":43,"column":38}},"31":{"start":{"line":46,"column":4},"end":{"line":50,"column":7}},"32":{"start":{"line":47,"column":8},"end":{"line":49,"column":41}},"33":{"start":{"line":48,"column":25},"end":{"line":48,"column":49}},"34":{"start":{"line":49,"column":27},"end":{"line":49,"column":38}},"35":{"start":{"line":52,"column":4},"end":{"line":52,"column":18}}},"fnMap":{"0":{"name":"(anonymous_0)","decl":{"start":{"line":4,"column":17},"end":{"line":4,"column":18}},"loc":{"start":{"line":4,"column":28},"end":{"line":53,"column":1}},"line":4},"1":{"name":"(anonymous_1)","decl":{"start":{"line":7,"column":24},"end":{"line":7,"column":25}},"loc":{"start":{"line":7,"column":47},"end":{"line":13,"column":5}},"line":7},"2":{"name":"(anonymous_2)","decl":{"start":{"line":9,"column":19},"end":{"line":9,"column":20}},"loc":{"start":{"line":9,"column":33},"end":{"line":12,"column":13}},"line":9},"3":{"name":"(anonymous_3)","decl":{"start":{"line":12,"column":22},"end":{"line":12,"column":23}},"loc":{"start":{"line":12,"column":29},"end":{"line":12,"column":40}},"line":12},"4":{"name":"(anonymous_4)","decl":{"start":{"line":15,"column":21},"end":{"line":15,"column":22}},"loc":{"start":{"line":15,"column":43},"end":{"line":19,"column":5}},"line":15},"5":{"name":"(anonymous_5)","decl":{"start":{"line":17,"column":19},"end":{"line":17,"column":20}},"loc":{"start":{"line":17,"column":25},"end":{"line":17,"column":31}},"line":17},"6":{"name":"(anonymous_6)","decl":{"start":{"line":18,"column":20},"end":{"line":18,"column":21}},"loc":{"start":{"line":18,"column":27},"end":{"line":18,"column":38}},"line":18},"7":{"name":"(anonymous_7)","decl":{"start":{"line":21,"column":21},"end":{"line":21,"column":22}},"loc":{"start":{"line":21,"column":43},"end":{"line":25,"column":5}},"line":21},"8":{"name":"(anonymous_8)","decl":{"start":{"line":23,"column":19},"end":{"line":23,"column":20}},"loc":{"start":{"line":23,"column":29},"end":{"line":23,"column":61}},"line":23},"9":{"name":"(anonymous_9)","decl":{"start":{"line":24,"column":20},"end":{"line":24,"column":21}},"loc":{"start":{"line":24,"column":27},"end":{"line":24,"column":38}},"line":24},"10":{"name":"(anonymous_10)","decl":{"start":{"line":27,"column":32},"end":{"line":27,"column":33}},"loc":{"start":{"line":27,"column":54},"end":{"line":32,"column":5}},"line":27},"11":{"name":"(anonymous_11)","decl":{"start":{"line":30,"column":19},"end":{"line":30,"column":20}},"loc":{"start":{"line":30,"column":29},"end":{"line":30,"column":66}},"line":30},"12":{"name":"(anonymous_12)","decl":{"start":{"line":31,"column":21},"end":{"line":31,"column":22}},"loc":{"start":{"line":31,"column":28},"end":{"line":31,"column":39}},"line":31},"13":{"name":"(anonymous_13)","decl":{"start":{"line":34,"column":24},"end":{"line":34,"column":25}},"loc":{"start":{"line":34,"column":46},"end":{"line":38,"column":5}},"line":34},"14":{"name":"(anonymous_14)","decl":{"start":{"line":36,"column":20},"end":{"line":36,"column":21}},"loc":{"start":{"line":36,"column":30},"end":{"line":36,"column":62}},"line":36},"15":{"name":"(anonymous_15)","decl":{"start":{"line":37,"column":20},"end":{"line":37,"column":21}},"loc":{"start":{"line":37,"column":27},"end":{"line":37,"column":39}},"line":37},"16":{"name":"(anonymous_16)","decl":{"start":{"line":40,"column":34},"end":{"line":40,"column":35}},"loc":{"start":{"line":40,"column":56},"end":{"line":44,"column":5}},"line":40},"17":{"name":"(anonymous_17)","decl":{"start":{"line":42,"column":19},"end":{"line":42,"column":20}},"loc":{"start":{"line":42,"column":29},"end":{"line":42,"column":66}},"line":42},"18":{"name":"(anonymous_18)","decl":{"start":{"line":43,"column":20},"end":{"line":43,"column":21}},"loc":{"start":{"line":43,"column":27},"end":{"line":43,"column":38}},"line":43},"19":{"name":"(anonymous_19)","decl":{"start":{"line":46,"column":27},"end":{"line":46,"column":28}},"loc":{"start":{"line":46,"column":49},"end":{"line":50,"column":5}},"line":46},"20":{"name":"(anonymous_20)","decl":{"start":{"line":48,"column":19},"end":{"line":48,"column":20}},"loc":{"start":{"line":48,"column":25},"end":{"line":48,"column":49}},"line":48},"21":{"name":"(anonymous_21)","decl":{"start":{"line":49,"column":20},"end":{"line":49,"column":21}},"loc":{"start":{"line":49,"column":27},"end":{"line":49,"column":38}},"line":49}},"branchMap":{"0":{"loc":{"start":{"line":10,"column":16},"end":{"line":10,"column":87}},"type":"if","locations":[{"start":{"line":10,"column":16},"end":{"line":10,"column":87}},{"start":{"line":10,"column":16},"end":{"line":10,"column":87}}],"line":10}},"s":{"0":1,"1":1,"2":1,"3":1,"4":1,"5":0,"6":0,"7":0,"8":0,"9":0,"10":1,"11":0,"12":0,"13":0,"14":1,"15":0,"16":0,"17":0,"18":1,"19":0,"20":0,"21":0,"22":0,"23":1,"24":0,"25":0,"26":0,"27":1,"28":0,"29":0,"30":0,"31":1,"32":0,"33":0,"34":0,"35":1},"f":{"0":1,"1":0,"2":0,"3":0,"4":0,"5":0,"6":0,"7":0,"8":0,"9":0,"10":0,"11":0,"12":0,"13":0,"14":0,"15":0,"16":0,"17":0,"18":0,"19":0,"20":0,"21":0},"b":{"0":[0,0]},"_coverageSchema":"332fd63041d2c1bcb487cc26dd0d5f7d97098a6c","hash":"c99965171f74a7f3fc3ceacaf634865e4b038f5d"}
,"/home/erik/Área de Trabalho/curso-api-rest/seubarriga/src/routes/users.js": {"path":"/home/erik/Área de Trabalho/curso-api-rest/seubarriga/src/routes/users.js","statementMap":{"0":{"start":{"line":1,"column":16},"end":{"line":1,"column":36}},"1":{"start":{"line":3,"column":0},"end":{"line":45,"column":2}},"2":{"start":{"line":4,"column":19},"end":{"line":4,"column":35}},"3":{"start":{"line":15,"column":4},"end":{"line":19,"column":7}},"4":{"start":{"line":16,"column":8},"end":{"line":18,"column":41}},"5":{"start":{"line":17,"column":29},"end":{"line":17,"column":61}},"6":{"start":{"line":18,"column":27},"end":{"line":18,"column":38}},"7":{"start":{"line":33,"column":4},"end":{"line":41,"column":7}},"8":{"start":{"line":34,"column":8},"end":{"line":40,"column":9}},"9":{"start":{"line":35,"column":27},"end":{"line":35,"column":67}},"10":{"start":{"line":36,"column":12},"end":{"line":36,"column":57}},"11":{"start":{"line":38,"column":12},"end":{"line":38,"column":31}},"12":{"start":{"line":44,"column":4},"end":{"line":44,"column":18}}},"fnMap":{"0":{"name":"(anonymous_0)","decl":{"start":{"line":3,"column":17},"end":{"line":3,"column":18}},"loc":{"start":{"line":3,"column":28},"end":{"line":45,"column":1}},"line":3},"1":{"name":"(anonymous_1)","decl":{"start":{"line":15,"column":21},"end":{"line":15,"column":22}},"loc":{"start":{"line":15,"column":43},"end":{"line":19,"column":5}},"line":15},"2":{"name":"(anonymous_2)","decl":{"start":{"line":17,"column":19},"end":{"line":17,"column":20}},"loc":{"start":{"line":17,"column":29},"end":{"line":17,"column":61}},"line":17},"3":{"name":"(anonymous_3)","decl":{"start":{"line":18,"column":20},"end":{"line":18,"column":21}},"loc":{"start":{"line":18,"column":27},"end":{"line":18,"column":38}},"line":18},"4":{"name":"(anonymous_4)","decl":{"start":{"line":33,"column":22},"end":{"line":33,"column":23}},"loc":{"start":{"line":33,"column":50},"end":{"line":41,"column":5}},"line":33}},"branchMap":{},"s":{"0":1,"1":1,"2":1,"3":1,"4":1,"5":1,"6":0,"7":1,"8":6,"9":6,"10":2,"11":4,"12":1},"f":{"0":1,"1":1,"2":1,"3":0,"4":6},"b":{},"_coverageSchema":"332fd63041d2c1bcb487cc26dd0d5f7d97098a6c","hash":"b849a2d1816b3ed49b573ef3c00fd2f978c23998"}
,"/home/erik/Área de Trabalho/curso-api-rest/seubarriga/src/services/account.js": {"path":"/home/erik/Área de Trabalho/curso-api-rest/seubarriga/src/services/account.js","statementMap":{"0":{"start":{"line":1,"column":24},"end":{"line":1,"column":62}},"1":{"start":{"line":3,"column":0},"end":{"line":41,"column":2}},"2":{"start":{"line":4,"column":20},"end":{"line":6,"column":5}},"3":{"start":{"line":5,"column":8},"end":{"line":5,"column":64}},"4":{"start":{"line":8,"column":17},"end":{"line":10,"column":5}},"5":{"start":{"line":9,"column":8},"end":{"line":9,"column":60}},"6":{"start":{"line":12,"column":17},"end":{"line":19,"column":5}},"7":{"start":{"line":13,"column":8},"end":{"line":13,"column":92}},"8":{"start":{"line":13,"column":29},"end":{"line":13,"column":92}},"9":{"start":{"line":15,"column":22},"end":{"line":15,"column":84}},"10":{"start":{"line":16,"column":8},"end":{"line":16,"column":86}},"11":{"start":{"line":16,"column":21},"end":{"line":16,"column":86}},"12":{"start":{"line":18,"column":8},"end":{"line":18,"column":59}},"13":{"start":{"line":25,"column":19},"end":{"line":29,"column":5}},"14":{"start":{"line":26,"column":8},"end":{"line":28,"column":36}},"15":{"start":{"line":31,"column":19},"end":{"line":38,"column":5}},"16":{"start":{"line":32,"column":28},"end":{"line":32,"column":84}},"17":{"start":{"line":33,"column":8},"end":{"line":33,"column":99}},"18":{"start":{"line":33,"column":28},"end":{"line":33,"column":99}},"19":{"start":{"line":35,"column":8},"end":{"line":37,"column":19}},"20":{"start":{"line":40,"column":4},"end":{"line":40,"column":51}}},"fnMap":{"0":{"name":"(anonymous_0)","decl":{"start":{"line":3,"column":17},"end":{"line":3,"column":18}},"loc":{"start":{"line":3,"column":28},"end":{"line":41,"column":1}},"line":3},"1":{"name":"(anonymous_1)","decl":{"start":{"line":4,"column":20},"end":{"line":4,"column":21}},"loc":{"start":{"line":4,"column":34},"end":{"line":6,"column":5}},"line":4},"2":{"name":"(anonymous_2)","decl":{"start":{"line":8,"column":17},"end":{"line":8,"column":18}},"loc":{"start":{"line":8,"column":36},"end":{"line":10,"column":5}},"line":8},"3":{"name":"(anonymous_3)","decl":{"start":{"line":12,"column":17},"end":{"line":12,"column":18}},"loc":{"start":{"line":12,"column":38},"end":{"line":19,"column":5}},"line":12},"4":{"name":"(anonymous_4)","decl":{"start":{"line":25,"column":19},"end":{"line":25,"column":20}},"loc":{"start":{"line":25,"column":38},"end":{"line":29,"column":5}},"line":25},"5":{"name":"(anonymous_5)","decl":{"start":{"line":31,"column":19},"end":{"line":31,"column":20}},"loc":{"start":{"line":31,"column":35},"end":{"line":38,"column":5}},"line":31}},"branchMap":{"0":{"loc":{"start":{"line":8,"column":19},"end":{"line":8,"column":30}},"type":"default-arg","locations":[{"start":{"line":8,"column":28},"end":{"line":8,"column":30}}],"line":8},"1":{"loc":{"start":{"line":13,"column":8},"end":{"line":13,"column":92}},"type":"if","locations":[{"start":{"line":13,"column":8},"end":{"line":13,"column":92}},{"start":{"line":13,"column":8},"end":{"line":13,"column":92}}],"line":13},"2":{"loc":{"start":{"line":16,"column":8},"end":{"line":16,"column":86}},"type":"if","locations":[{"start":{"line":16,"column":8},"end":{"line":16,"column":86}},{"start":{"line":16,"column":8},"end":{"line":16,"column":86}}],"line":16},"3":{"loc":{"start":{"line":33,"column":8},"end":{"line":33,"column":99}},"type":"if","locations":[{"start":{"line":33,"column":8},"end":{"line":33,"column":99}},{"start":{"line":33,"column":8},"end":{"line":33,"column":99}}],"line":33}},"s":{"0":1,"1":1,"2":1,"3":0,"4":1,"5":0,"6":1,"7":0,"8":0,"9":0,"10":0,"11":0,"12":0,"13":1,"14":0,"15":1,"16":0,"17":0,"18":0,"19":0,"20":1},"f":{"0":1,"1":0,"2":0,"3":0,"4":0,"5":0},"b":{"0":[0],"1":[0,0],"2":[0,0],"3":[0,0]},"_coverageSchema":"332fd63041d2c1bcb487cc26dd0d5f7d97098a6c","hash":"286da45b8a13961b3b677d912e485d27a75d0bf3"}
,"/home/erik/Área de Trabalho/curso-api-rest/seubarriga/src/services/balance.js": {"path":"/home/erik/Área de Trabalho/curso-api-rest/seubarriga/src/services/balance.js","statementMap":{"0":{"start":{"line":1,"column":0},"end":{"line":13,"column":2}},"1":{"start":{"line":2,"column":21},"end":{"line":10,"column":5}},"2":{"start":{"line":3,"column":8},"end":{"line":9,"column":33}},"3":{"start":{"line":12,"column":4},"end":{"line":12,"column":24}}},"fnMap":{"0":{"name":"(anonymous_0)","decl":{"start":{"line":1,"column":17},"end":{"line":1,"column":18}},"loc":{"start":{"line":1,"column":28},"end":{"line":13,"column":1}},"line":1},"1":{"name":"(anonymous_1)","decl":{"start":{"line":2,"column":21},"end":{"line":2,"column":22}},"loc":{"start":{"line":2,"column":35},"end":{"line":10,"column":5}},"line":2}},"branchMap":{},"s":{"0":1,"1":1,"2":0,"3":1},"f":{"0":1,"1":0},"b":{},"_coverageSchema":"332fd63041d2c1bcb487cc26dd0d5f7d97098a6c","hash":"1898a5e8455b6711359f96246ad292266612f839"}
,"/home/erik/Área de Trabalho/curso-api-rest/seubarriga/src/services/transaction.js": {"path":"/home/erik/Área de Trabalho/curso-api-rest/seubarriga/src/services/transaction.js","statementMap":{"0":{"start":{"line":1,"column":24},"end":{"line":1,"column":62}},"1":{"start":{"line":3,"column":0},"end":{"line":48,"column":2}},"2":{"start":{"line":4,"column":17},"end":{"line":10,"column":5}},"3":{"start":{"line":5,"column":8},"end":{"line":9,"column":22}},"4":{"start":{"line":12,"column":20},"end":{"line":16,"column":5}},"5":{"start":{"line":13,"column":8},"end":{"line":15,"column":21}},"6":{"start":{"line":18,"column":17},"end":{"line":33,"column":5}},"7":{"start":{"line":19,"column":8},"end":{"line":19,"column":107}},"8":{"start":{"line":19,"column":40},"end":{"line":19,"column":107}},"9":{"start":{"line":20,"column":8},"end":{"line":20,"column":99}},"10":{"start":{"line":20,"column":36},"end":{"line":20,"column":99}},"11":{"start":{"line":21,"column":8},"end":{"line":21,"column":95}},"12":{"start":{"line":21,"column":33},"end":{"line":21,"column":95}},"13":{"start":{"line":22,"column":8},"end":{"line":22,"column":98}},"14":{"start":{"line":22,"column":35},"end":{"line":22,"column":98}},"15":{"start":{"line":23,"column":8},"end":{"line":23,"column":106}},"16":{"start":{"line":23,"column":61},"end":{"line":23,"column":106}},"17":{"start":{"line":25,"column":31},"end":{"line":25,"column":49}},"18":{"start":{"line":26,"column":8},"end":{"line":29,"column":13}},"19":{"start":{"line":28,"column":16},"end":{"line":28,"column":42}},"20":{"start":{"line":31,"column":8},"end":{"line":32,"column":43}},"21":{"start":{"line":35,"column":19},"end":{"line":39,"column":5}},"22":{"start":{"line":36,"column":8},"end":{"line":38,"column":40}},"23":{"start":{"line":41,"column":19},"end":{"line":45,"column":5}},"24":{"start":{"line":42,"column":8},"end":{"line":44,"column":19}},"25":{"start":{"line":47,"column":4},"end":{"line":47,"column":51}}},"fnMap":{"0":{"name":"(anonymous_0)","decl":{"start":{"line":3,"column":17},"end":{"line":3,"column":18}},"loc":{"start":{"line":3,"column":28},"end":{"line":48,"column":1}},"line":3},"1":{"name":"(anonymous_1)","decl":{"start":{"line":4,"column":17},"end":{"line":4,"column":18}},"loc":{"start":{"line":4,"column":44},"end":{"line":10,"column":5}},"line":4},"2":{"name":"(anonymous_2)","decl":{"start":{"line":12,"column":20},"end":{"line":12,"column":21}},"loc":{"start":{"line":12,"column":34},"end":{"line":16,"column":5}},"line":12},"3":{"name":"(anonymous_3)","decl":{"start":{"line":18,"column":17},"end":{"line":18,"column":18}},"loc":{"start":{"line":18,"column":36},"end":{"line":33,"column":5}},"line":18},"4":{"name":"(anonymous_4)","decl":{"start":{"line":35,"column":19},"end":{"line":35,"column":20}},"loc":{"start":{"line":35,"column":42},"end":{"line":39,"column":5}},"line":35},"5":{"name":"(anonymous_5)","decl":{"start":{"line":41,"column":19},"end":{"line":41,"column":20}},"loc":{"start":{"line":41,"column":29},"end":{"line":45,"column":5}},"line":41}},"branchMap":{"0":{"loc":{"start":{"line":4,"column":27},"end":{"line":4,"column":38}},"type":"default-arg","locations":[{"start":{"line":4,"column":36},"end":{"line":4,"column":38}}],"line":4},"1":{"loc":{"start":{"line":19,"column":8},"end":{"line":19,"column":107}},"type":"if","locations":[{"start":{"line":19,"column":8},"end":{"line":19,"column":107}},{"start":{"line":19,"column":8},"end":{"line":19,"column":107}}],"line":19},"2":{"loc":{"start":{"line":20,"column":8},"end":{"line":20,"column":99}},"type":"if","locations":[{"start":{"line":20,"column":8},"end":{"line":20,"column":99}},{"start":{"line":20,"column":8},"end":{"line":20,"column":99}}],"line":20},"3":{"loc":{"start":{"line":21,"column":8},"end":{"line":21,"column":95}},"type":"if","locations":[{"start":{"line":21,"column":8},"end":{"line":21,"column":95}},{"start":{"line":21,"column":8},"end":{"line":21,"column":95}}],"line":21},"4":{"loc":{"start":{"line":22,"column":8},"end":{"line":22,"column":98}},"type":"if","locations":[{"start":{"line":22,"column":8},"end":{"line":22,"column":98}},{"start":{"line":22,"column":8},"end":{"line":22,"column":98}}],"line":22},"5":{"loc":{"start":{"line":23,"column":8},"end":{"line":23,"column":106}},"type":"if","locations":[{"start":{"line":23,"column":8},"end":{"line":23,"column":106}},{"start":{"line":23,"column":8},"end":{"line":23,"column":106}}],"line":23},"6":{"loc":{"start":{"line":23,"column":15},"end":{"line":23,"column":56}},"type":"binary-expr","locations":[{"start":{"line":23,"column":15},"end":{"line":23,"column":40}},{"start":{"line":23,"column":44},"end":{"line":23,"column":56}}],"line":23},"7":{"loc":{"start":{"line":26,"column":8},"end":{"line":29,"column":13}},"type":"if","locations":[{"start":{"line":26,"column":8},"end":{"line":29,"column":13}},{"start":{"line":26,"column":8},"end":{"line":29,"column":13}}],"line":26},"8":{"loc":{"start":{"line":26,"column":12},"end":{"line":27,"column":69}},"type":"binary-expr","locations":[{"start":{"line":26,"column":14},"end":{"line":26,"column":37}},{"start":{"line":26,"column":41},"end":{"line":26,"column":64}},{"start":{"line":27,"column":17},"end":{"line":27,"column":40}},{"start":{"line":27,"column":44},"end":{"line":27,"column":67}}],"line":26}},"s":{"0":1,"1":1,"2":1,"3":0,"4":1,"5":0,"6":1,"7":0,"8":0,"9":0,"10":0,"11":0,"12":0,"13":0,"14":0,"15":0,"16":0,"17":0,"18":0,"19":0,"20":0,"21":1,"22":0,"23":1,"24":0,"25":1},"f":{"0":1,"1":0,"2":0,"3":0,"4":0,"5":0},"b":{"0":[0],"1":[0,0],"2":[0,0],"3":[0,0],"4":[0,0],"5":[0,0],"6":[0,0],"7":[0,0],"8":[0,0,0,0]},"_coverageSchema":"332fd63041d2c1bcb487cc26dd0d5f7d97098a6c","hash":"2ca57503eba6972d137d01cc1c38a722f1da82e1"}
,"/home/erik/Área de Trabalho/curso-api-rest/seubarriga/src/services/transfer.js": {"path":"/home/erik/Área de Trabalho/curso-api-rest/seubarriga/src/services/transfer.js","statementMap":{"0":{"start":{"line":1,"column":24},"end":{"line":1,"column":62}},"1":{"start":{"line":3,"column":0},"end":{"line":64,"column":2}},"2":{"start":{"line":4,"column":17},"end":{"line":8,"column":5}},"3":{"start":{"line":5,"column":8},"end":{"line":7,"column":22}},"4":{"start":{"line":10,"column":20},"end":{"line":14,"column":5}},"5":{"start":{"line":11,"column":8},"end":{"line":13,"column":21}},"6":{"start":{"line":16,"column":21},"end":{"line":28,"column":5}},"7":{"start":{"line":17,"column":8},"end":{"line":17,"column":104}},"8":{"start":{"line":17,"column":37},"end":{"line":17,"column":104}},"9":{"start":{"line":18,"column":8},"end":{"line":18,"column":96}},"10":{"start":{"line":18,"column":33},"end":{"line":18,"column":96}},"11":{"start":{"line":19,"column":8},"end":{"line":19,"column":92}},"12":{"start":{"line":19,"column":30},"end":{"line":19,"column":92}},"13":{"start":{"line":20,"column":8},"end":{"line":20,"column":109}},"14":{"start":{"line":20,"column":36},"end":{"line":20,"column":109}},"15":{"start":{"line":21,"column":8},"end":{"line":21,"column":111}},"16":{"start":{"line":21,"column":37},"end":{"line":21,"column":111}},"17":{"start":{"line":22,"column":8},"end":{"line":22,"column":145}},"18":{"start":{"line":22,"column":60},"end":{"line":22,"column":145}},"19":{"start":{"line":24,"column":25},"end":{"line":24,"column":109}},"20":{"start":{"line":25,"column":8},"end":{"line":27,"column":11}},"21":{"start":{"line":26,"column":12},"end":{"line":26,"column":138}},"22":{"start":{"line":26,"column":67},"end":{"line":26,"column":138}},"23":{"start":{"line":30,"column":17},"end":{"line":41,"column":5}},"24":{"start":{"line":31,"column":23},"end":{"line":31,"column":74}},"25":{"start":{"line":32,"column":27},"end":{"line":32,"column":41}},"26":{"start":{"line":34,"column":29},"end":{"line":37,"column":9}},"27":{"start":{"line":39,"column":8},"end":{"line":39,"column":62}},"28":{"start":{"line":40,"column":8},"end":{"line":40,"column":22}},"29":{"start":{"line":43,"column":19},"end":{"line":56,"column":5}},"30":{"start":{"line":44,"column":23},"end":{"line":46,"column":36}},"31":{"start":{"line":48,"column":29},"end":{"line":51,"column":9}},"32":{"start":{"line":53,"column":8},"end":{"line":53,"column":74}},"33":{"start":{"line":54,"column":8},"end":{"line":54,"column":62}},"34":{"start":{"line":55,"column":8},"end":{"line":55,"column":22}},"35":{"start":{"line":58,"column":19},"end":{"line":61,"column":5}},"36":{"start":{"line":59,"column":8},"end":{"line":59,"column":74}},"37":{"start":{"line":60,"column":8},"end":{"line":60,"column":58}},"38":{"start":{"line":63,"column":4},"end":{"line":63,"column":61}}},"fnMap":{"0":{"name":"(anonymous_0)","decl":{"start":{"line":3,"column":17},"end":{"line":3,"column":18}},"loc":{"start":{"line":3,"column":28},"end":{"line":64,"column":1}},"line":3},"1":{"name":"(anonymous_1)","decl":{"start":{"line":4,"column":17},"end":{"line":4,"column":18}},"loc":{"start":{"line":4,"column":36},"end":{"line":8,"column":5}},"line":4},"2":{"name":"(anonymous_2)","decl":{"start":{"line":10,"column":20},"end":{"line":10,"column":21}},"loc":{"start":{"line":10,"column":39},"end":{"line":14,"column":5}},"line":10},"3":{"name":"(anonymous_3)","decl":{"start":{"line":16,"column":21},"end":{"line":16,"column":22}},"loc":{"start":{"line":16,"column":43},"end":{"line":28,"column":5}},"line":16},"4":{"name":"(anonymous_4)","decl":{"start":{"line":25,"column":27},"end":{"line":25,"column":28}},"loc":{"start":{"line":25,"column":38},"end":{"line":27,"column":9}},"line":25},"5":{"name":"(anonymous_5)","decl":{"start":{"line":30,"column":17},"end":{"line":30,"column":18}},"loc":{"start":{"line":30,"column":39},"end":{"line":41,"column":5}},"line":30},"6":{"name":"(anonymous_6)","decl":{"start":{"line":43,"column":19},"end":{"line":43,"column":20}},"loc":{"start":{"line":43,"column":45},"end":{"line":56,"column":5}},"line":43},"7":{"name":"(anonymous_7)","decl":{"start":{"line":58,"column":19},"end":{"line":58,"column":20}},"loc":{"start":{"line":58,"column":35},"end":{"line":61,"column":5}},"line":58}},"branchMap":{"0":{"loc":{"start":{"line":4,"column":19},"end":{"line":4,"column":30}},"type":"default-arg","locations":[{"start":{"line":4,"column":28},"end":{"line":4,"column":30}}],"line":4},"1":{"loc":{"start":{"line":10,"column":22},"end":{"line":10,"column":33}},"type":"default-arg","locations":[{"start":{"line":10,"column":31},"end":{"line":10,"column":33}}],"line":10},"2":{"loc":{"start":{"line":17,"column":8},"end":{"line":17,"column":104}},"type":"if","locations":[{"start":{"line":17,"column":8},"end":{"line":17,"column":104}},{"start":{"line":17,"column":8},"end":{"line":17,"column":104}}],"line":17},"3":{"loc":{"start":{"line":18,"column":8},"end":{"line":18,"column":96}},"type":"if","locations":[{"start":{"line":18,"column":8},"end":{"line":18,"column":96}},{"start":{"line":18,"column":8},"end":{"line":18,"column":96}}],"line":18},"4":{"loc":{"start":{"line":19,"column":8},"end":{"line":19,"column":92}},"type":"if","locations":[{"start":{"line":19,"column":8},"end":{"line":19,"column":92}},{"start":{"line":19,"column":8},"end":{"line":19,"column":92}}],"line":19},"5":{"loc":{"start":{"line":20,"column":8},"end":{"line":20,"column":109}},"type":"if","locations":[{"start":{"line":20,"column":8},"end":{"line":20,"column":109}},{"start":{"line":20,"column":8},"end":{"line":20,"column":109}}],"line":20},"6":{"loc":{"start":{"line":21,"column":8},"end":{"line":21,"column":111}},"type":"if","locations":[{"start":{"line":21,"column":8},"end":{"line":21,"column":111}},{"start":{"line":21,"column":8},"end":{"line":21,"column":111}}],"line":21},"7":{"loc":{"start":{"line":22,"column":8},"end":{"line":22,"column":145}},"type":"if","locations":[{"start":{"line":22,"column":8},"end":{"line":22,"column":145}},{"start":{"line":22,"column":8},"end":{"line":22,"column":145}}],"line":22},"8":{"loc":{"start":{"line":26,"column":12},"end":{"line":26,"column":138}},"type":"if","locations":[{"start":{"line":26,"column":12},"end":{"line":26,"column":138}},{"start":{"line":26,"column":12},"end":{"line":26,"column":138}}],"line":26}},"s":{"0":1,"1":1,"2":1,"3":0,"4":1,"5":0,"6":1,"7":0,"8":0,"9":0,"10":0,"11":0,"12":0,"13":0,"14":0,"15":0,"16":0,"17":0,"18":0,"19":0,"20":0,"21":0,"22":0,"23":1,"24":0,"25":0,"26":0,"27":0,"28":0,"29":1,"30":0,"31":0,"32":0,"33":0,"34":0,"35":1,"36":0,"37":0,"38":1},"f":{"0":1,"1":0,"2":0,"3":0,"4":0,"5":0,"6":0,"7":0},"b":{"0":[0],"1":[0],"2":[0,0],"3":[0,0],"4":[0,0],"5":[0,0],"6":[0,0],"7":[0,0],"8":[0,0]},"_coverageSchema":"332fd63041d2c1bcb487cc26dd0d5f7d97098a6c","hash":"1f788ea2775fbf7b8bd41ea3659714efb9c300cd"}
,"/home/erik/Área de Trabalho/curso-api-rest/seubarriga/src/services/user.js": {"path":"/home/erik/Área de Trabalho/curso-api-rest/seubarriga/src/services/user.js","statementMap":{"0":{"start":{"line":1,"column":15},"end":{"line":1,"column":41}},"1":{"start":{"line":2,"column":24},"end":{"line":2,"column":62}},"2":{"start":{"line":4,"column":0},"end":{"line":37,"column":2}},"3":{"start":{"line":5,"column":20},"end":{"line":7,"column":5}},"4":{"start":{"line":6,"column":8},"end":{"line":6,"column":68}},"5":{"start":{"line":9,"column":20},"end":{"line":11,"column":5}},"6":{"start":{"line":10,"column":8},"end":{"line":10,"column":57}},"7":{"start":{"line":13,"column":26},"end":{"line":16,"column":5}},"8":{"start":{"line":14,"column":21},"end":{"line":14,"column":45}},"9":{"start":{"line":15,"column":8},"end":{"line":15,"column":47}},"10":{"start":{"line":18,"column":17},"end":{"line":34,"column":5}},"11":{"start":{"line":23,"column":8},"end":{"line":23,"column":89}},"12":{"start":{"line":23,"column":26},"end":{"line":23,"column":89}},"13":{"start":{"line":24,"column":8},"end":{"line":24,"column":90}},"14":{"start":{"line":24,"column":26},"end":{"line":24,"column":90}},"15":{"start":{"line":25,"column":8},"end":{"line":25,"column":91}},"16":{"start":{"line":25,"column":28},"end":{"line":25,"column":91}},"17":{"start":{"line":27,"column":23},"end":{"line":27,"column":59}},"18":{"start":{"line":29,"column":8},"end":{"line":29,"column":91}},"19":{"start":{"line":29,"column":22},"end":{"line":29,"column":91}},"20":{"start":{"line":31,"column":24},"end":{"line":31,"column":35}},"21":{"start":{"line":32,"column":8},"end":{"line":32,"column":54}},"22":{"start":{"line":33,"column":8},"end":{"line":33,"column":77}},"23":{"start":{"line":36,"column":4},"end":{"line":36,"column":37}}},"fnMap":{"0":{"name":"(anonymous_0)","decl":{"start":{"line":4,"column":17},"end":{"line":4,"column":18}},"loc":{"start":{"line":4,"column":28},"end":{"line":37,"column":1}},"line":4},"1":{"name":"(anonymous_1)","decl":{"start":{"line":5,"column":20},"end":{"line":5,"column":21}},"loc":{"start":{"line":5,"column":26},"end":{"line":7,"column":5}},"line":5},"2":{"name":"(anonymous_2)","decl":{"start":{"line":9,"column":20},"end":{"line":9,"column":21}},"loc":{"start":{"line":9,"column":39},"end":{"line":11,"column":5}},"line":9},"3":{"name":"(anonymous_3)","decl":{"start":{"line":13,"column":26},"end":{"line":13,"column":27}},"loc":{"start":{"line":13,"column":40},"end":{"line":16,"column":5}},"line":13},"4":{"name":"(anonymous_4)","decl":{"start":{"line":18,"column":17},"end":{"line":18,"column":18}},"loc":{"start":{"line":18,"column":35},"end":{"line":34,"column":5}},"line":18}},"branchMap":{"0":{"loc":{"start":{"line":9,"column":22},"end":{"line":9,"column":33}},"type":"default-arg","locations":[{"start":{"line":9,"column":31},"end":{"line":9,"column":33}}],"line":9},"1":{"loc":{"start":{"line":23,"column":8},"end":{"line":23,"column":89}},"type":"if","locations":[{"start":{"line":23,"column":8},"end":{"line":23,"column":89}},{"start":{"line":23,"column":8},"end":{"line":23,"column":89}}],"line":23},"2":{"loc":{"start":{"line":24,"column":8},"end":{"line":24,"column":90}},"type":"if","locations":[{"start":{"line":24,"column":8},"end":{"line":24,"column":90}},{"start":{"line":24,"column":8},"end":{"line":24,"column":90}}],"line":24},"3":{"loc":{"start":{"line":25,"column":8},"end":{"line":25,"column":91}},"type":"if","locations":[{"start":{"line":25,"column":8},"end":{"line":25,"column":91}},{"start":{"line":25,"column":8},"end":{"line":25,"column":91}}],"line":25},"4":{"loc":{"start":{"line":29,"column":8},"end":{"line":29,"column":91}},"type":"if","locations":[{"start":{"line":29,"column":8},"end":{"line":29,"column":91}},{"start":{"line":29,"column":8},"end":{"line":29,"column":91}}],"line":29}},"s":{"0":1,"1":1,"2":1,"3":1,"4":1,"5":1,"6":12,"7":1,"8":3,"9":3,"10":1,"11":7,"12":1,"13":6,"14":1,"15":5,"16":1,"17":4,"18":4,"19":1,"20":3,"21":3,"22":3,"23":1},"f":{"0":1,"1":1,"2":12,"3":3,"4":7},"b":{"0":[0],"1":[1,6],"2":[1,5],"3":[1,4],"4":[1,3]},"_coverageSchema":"332fd63041d2c1bcb487cc26dd0d5f7d97098a6c","hash":"d47659ccb220613133a2e0f0e8d1a1feeee4d167"}
}
